2020-04-28 18:10:27,560:root:Logging initialised at <FileHandler /Users/newxjy/Dropbox/VICE/JT/STRATEGY/Pupil_labs/jiaying_sec3_1588122627.560129.log (DEBUG)>.
2020-04-28 18:10:27,561:mm_modules.pyudp:Creating UDP socket object
2020-04-28 18:10:27,561:mm_modules.pyudp:Socket bound to 127.0.0.1:11111.
2020-04-28 18:10:27,562:mm_modules.pupilsocket:Creating zeromq socket object
2020-04-28 18:10:27,562:mm_modules.pupilsocket:ZMQ socket bound to 127.0.0.1 on port 11111
2020-04-28 18:10:27,562:root:Pupil socket connected.
2020-04-28 18:10:27,563:mm_modules.pupilsocket:Payload sent: b'\x83\xa7subject\xacstart_plugin\xa4name\xabLog_History\xa4args\x80'
2020-04-28 18:10:27,577:mm_modules.pupilsocket:Payload sent: b'\x83\xa7subject\xacstart_plugin\xa4name\xb2Annotation_Capture\xa4args\x80'
2020-04-28 18:10:27,581:root:Pupil-Recorder Annotations plugin prompted.
2020-04-28 18:10:27,583:mm_modules.pupilsocket:Timesync successful.
2020-04-28 18:10:27,584:root:Pupil-Recorder time set.
2020-04-28 18:10:27,586:mm_modules.pupilsocket:Payload sent: b'\x86\xa7subject\xaaannotation\xa5label\xadDummy Trigger\xa9timestamp\xcbA\xd7\xaa5\x00\xe5{B\xa8duration\xcb\x00\x00\x00\x00\x00\x00\x00\x00\xa6source\xb2homelabs framework\xa6record\xc3'
2020-04-28 18:10:47,966:mm_modules.pyudp:Received buffer: b'STOP_REC'.
2020-04-28 18:10:47,985:mm_modules.pupilsocket:OK
2020-04-28 18:10:47,985:root:b'STOP_REC' 1588122647966
2020-04-28 18:10:47,985:mm_modules.pyudp:Received buffer: b'START_REC'.
2020-04-28 18:10:47,998:mm_modules.pupilsocket:OK
2020-04-28 18:10:47,998:root:b'START_REC' 1588122647986
2020-04-28 18:10:49,169:mm_modules.pyudp:Received buffer: b'START_CAL'.
2020-04-28 18:10:49,172:mm_modules.pupilsocket:OK
2020-04-28 18:10:49,172:root:b'START_CAL' 1588122649170
2020-04-28 18:10:49,173:mm_modules.pyudp:Received buffer: b'0'.
2020-04-28 18:10:49,175:mm_modules.pupilsocket:Payload sent: b'\x86\xa7subject\xaaannotation\xa5label\xa6Event0\xa9timestamp\xcbA\xd7\xaa5\x06K2\x93\xa8duration\xcb\x00\x00\x00\x00\x00\x00\x00\x00\xa6source\xb2homelabs framework\xa6record\xc3'
2020-04-28 18:10:49,176:root:b'0' 1588122649174
2020-04-28 18:11:25,016:mm_modules.pyudp:Received buffer: b'STOP_CAL'.
2020-04-28 18:11:25,020:mm_modules.pupilsocket:OK
2020-04-28 18:11:25,022:root:b'STOP_CAL' 1588122685016
2020-04-28 18:11:26,018:mm_modules.pyudp:Received buffer: b'0'.
2020-04-28 18:11:26,019:mm_modules.pupilsocket:Payload sent: b'\x86\xa7subject\xaaannotation\xa5label\xa6Event0\xa9timestamp\xcbA\xd7\xaa5\x0f\x816H\xa8duration\xcb\x00\x00\x00\x00\x00\x00\x00\x00\xa6source\xb2homelabs framework\xa6record\xc3'
2020-04-28 18:11:26,021:root:b'0' 1588122686019
2020-04-28 18:11:31,420:mm_modules.pyudp:Received buffer: b'1'.
2020-04-28 18:11:31,420:mm_modules.pupilsocket:Payload sent: b'\x86\xa7subject\xaaannotation\xa5label\xa6Event1\xa9timestamp\xcbA\xd7\xaa5\x10\xda\xea\xbc\xa8duration\xcb\x00\x00\x00\x00\x00\x00\x00\x00\xa6source\xb2homelabs framework\xa6record\xc3'
2020-04-28 18:11:31,424:root:b'1' 1588122691420
2020-04-28 18:11:34,500:mm_modules.pyudp:Received buffer: b'1'.
2020-04-28 18:11:34,502:mm_modules.pupilsocket:Payload sent: b'\x86\xa7subject\xaaannotation\xa5label\xa6Event1\xa9timestamp\xcbA\xd7\xaa5\x11\xa0\x1a;\xa8duration\xcb\x00\x00\x00\x00\x00\x00\x00\x00\xa6source\xb2homelabs framework\xa6record\xc3'
2020-04-28 18:11:34,507:root:b'1' 1588122694501
2020-04-28 18:11:35,722:mm_modules.pyudp:Received buffer: b'2'.
2020-04-28 18:11:35,724:mm_modules.pupilsocket:Payload sent: b'\x86\xa7subject\xaaannotation\xa5label\xa6Event2\xa9timestamp\xcbA\xd7\xaa5\x11\xeeW\xd9\xa8duration\xcb\x00\x00\x00\x00\x00\x00\x00\x00\xa6source\xb2homelabs framework\xa6record\xc3'
2020-04-28 18:11:35,769:root:b'2' 1588122695723
2020-04-28 18:11:38,873:mm_modules.pyudp:Received buffer: b'2'.
2020-04-28 18:11:38,874:mm_modules.pupilsocket:Payload sent: b'\x86\xa7subject\xaaannotation\xa5label\xa6Event2\xa9timestamp\xcbA\xd7\xaa5\x12\xb7\xeb\x1c\xa8duration\xcb\x00\x00\x00\x00\x00\x00\x00\x00\xa6source\xb2homelabs framework\xa6record\xc3'
2020-04-28 18:11:38,882:root:b'2' 1588122698873
2020-04-28 18:11:40,835:mm_modules.pyudp:Received buffer: b'3'.
2020-04-28 18:11:40,836:mm_modules.pupilsocket:Payload sent: b'\x86\xa7subject\xaaannotation\xa5label\xa6Event3\xa9timestamp\xcbA\xd7\xaa5\x135\x81\x1f\xa8duration\xcb\x00\x00\x00\x00\x00\x00\x00\x00\xa6source\xb2homelabs framework\xa6record\xc3'
2020-04-28 18:11:40,838:root:b'3' 1588122700835
2020-04-28 18:11:43,891:mm_modules.pyudp:Received buffer: b'3'.
2020-04-28 18:11:43,891:mm_modules.pupilsocket:Payload sent: b'\x86\xa7subject\xaaannotation\xa5label\xa6Event3\xa9timestamp\xcbA\xd7\xaa5\x13\xf9\x11\x1b\xa8duration\xcb\x00\x00\x00\x00\x00\x00\x00\x00\xa6source\xb2homelabs framework\xa6record\xc3'
2020-04-28 18:11:43,896:root:b'3' 1588122703891
2020-04-28 18:11:45,656:mm_modules.pyudp:Received buffer: b'4'.
2020-04-28 18:11:45,657:mm_modules.pupilsocket:Payload sent: b'\x86\xa7subject\xaaannotation\xa5label\xa6Event4\xa9timestamp\xcbA\xd7\xaa5\x14j\x0b\x06\xa8duration\xcb\x00\x00\x00\x00\x00\x00\x00\x00\xa6source\xb2homelabs framework\xa6record\xc3'
2020-04-28 18:11:45,669:root:b'4' 1588122705657
2020-04-28 18:11:48,699:mm_modules.pyudp:Received buffer: b'4'.
2020-04-28 18:11:48,701:mm_modules.pupilsocket:Payload sent: b'\x86\xa7subject\xaaannotation\xa5label\xa6Event4\xa9timestamp\xcbA\xd7\xaa5\x15,\xdcY\xa8duration\xcb\x00\x00\x00\x00\x00\x00\x00\x00\xa6source\xb2homelabs framework\xa6record\xc3'
2020-04-28 18:11:48,755:root:b'4' 1588122708700
2020-04-28 18:11:50,726:mm_modules.pyudp:Received buffer: b'5'.
2020-04-28 18:11:50,727:mm_modules.pupilsocket:Payload sent: b'\x86\xa7subject\xaaannotation\xa5label\xa6Event5\xa9timestamp\xcbA\xd7\xaa5\x15\xae\x8de\xa8duration\xcb\x00\x00\x00\x00\x00\x00\x00\x00\xa6source\xb2homelabs framework\xa6record\xc3'
2020-04-28 18:11:50,729:root:b'5' 1588122710727
2020-04-28 18:11:53,778:mm_modules.pyudp:Received buffer: b'5'.
2020-04-28 18:11:53,778:mm_modules.pupilsocket:Payload sent: b'\x86\xa7subject\xaaannotation\xa5label\xa6Event5\xa9timestamp\xcbA\xd7\xaa5\x16q\xd6=\xa8duration\xcb\x00\x00\x00\x00\x00\x00\x00\x00\xa6source\xb2homelabs framework\xa6record\xc3'
2020-04-28 18:11:53,875:root:b'5' 1588122713778
2020-04-28 18:11:55,475:mm_modules.pyudp:Received buffer: b'6'.
2020-04-28 18:11:55,479:mm_modules.pupilsocket:Payload sent: b'\x86\xa7subject\xaaannotation\xa5label\xa6Event6\xa9timestamp\xcbA\xd7\xaa5\x16\xde\xaa\x00\xa8duration\xcb\x00\x00\x00\x00\x00\x00\x00\x00\xa6source\xb2homelabs framework\xa6record\xc3'
2020-04-28 18:11:55,543:root:b'6' 1588122715476
2020-04-28 18:11:58,561:mm_modules.pyudp:Received buffer: b'6'.
2020-04-28 18:11:58,561:mm_modules.pupilsocket:Payload sent: b'\x86\xa7subject\xaaannotation\xa5label\xa6Event6\xa9timestamp\xcbA\xd7\xaa5\x17\xa3\xf44\xa8duration\xcb\x00\x00\x00\x00\x00\x00\x00\x00\xa6source\xb2homelabs framework\xa6record\xc3'
2020-04-28 18:11:58,589:root:b'6' 1588122718561
2020-04-28 18:12:00,058:mm_modules.pyudp:Received buffer: b'7'.
2020-04-28 18:12:00,059:mm_modules.pupilsocket:Payload sent: b'\x86\xa7subject\xaaannotation\xa5label\xa6Event7\xa9timestamp\xcbA\xd7\xaa5\x18\x03\xc7T\xa8duration\xcb\x00\x00\x00\x00\x00\x00\x00\x00\xa6source\xb2homelabs framework\xa6record\xc3'
2020-04-28 18:12:00,065:root:b'7' 1588122720058
2020-04-28 18:12:03,711:mm_modules.pyudp:Received buffer: b'7'.
2020-04-28 18:12:03,713:mm_modules.pupilsocket:Payload sent: b'\x86\xa7subject\xaaannotation\xa5label\xa6Event7\xa9timestamp\xcbA\xd7\xaa5\x18\xed\xac\x86\xa8duration\xcb\x00\x00\x00\x00\x00\x00\x00\x00\xa6source\xb2homelabs framework\xa6record\xc3'
2020-04-28 18:12:03,727:root:b'7' 1588122723712
2020-04-28 18:12:05,357:mm_modules.pyudp:Received buffer: b'8'.
2020-04-28 18:12:05,358:mm_modules.pupilsocket:Payload sent: b'\x86\xa7subject\xaaannotation\xa5label\xa6Event8\xa9timestamp\xcbA\xd7\xaa5\x19V\xf2\xf1\xa8duration\xcb\x00\x00\x00\x00\x00\x00\x00\x00\xa6source\xb2homelabs framework\xa6record\xc3'
2020-04-28 18:12:05,361:root:b'8' 1588122725357
2020-04-28 18:12:08,425:mm_modules.pyudp:Received buffer: b'8'.
2020-04-28 18:12:08,425:mm_modules.pupilsocket:Payload sent: b'\x86\xa7subject\xaaannotation\xa5label\xa6Event8\xa9timestamp\xcbA\xd7\xaa5\x1a\x1b>u\xa8duration\xcb\x00\x00\x00\x00\x00\x00\x00\x00\xa6source\xb2homelabs framework\xa6record\xc3'
2020-04-28 18:12:08,433:root:b'8' 1588122728425
2020-04-28 18:12:09,874:mm_modules.pyudp:Received buffer: b'9'.
2020-04-28 18:12:09,875:mm_modules.pupilsocket:Payload sent: b'\x86\xa7subject\xaaannotation\xa5label\xa6Event9\xa9timestamp\xcbA\xd7\xaa5\x1ax\x05\x10\xa8duration\xcb\x00\x00\x00\x00\x00\x00\x00\x00\xa6source\xb2homelabs framework\xa6record\xc3'
2020-04-28 18:12:09,877:root:b'9' 1588122729874
2020-04-28 18:12:12,951:mm_modules.pyudp:Received buffer: b'9'.
2020-04-28 18:12:12,954:mm_modules.pupilsocket:Payload sent: b'\x86\xa7subject\xaaannotation\xa5label\xa6Event9\xa9timestamp\xcbA\xd7\xaa5\x1b=\x13\x1f\xa8duration\xcb\x00\x00\x00\x00\x00\x00\x00\x00\xa6source\xb2homelabs framework\xa6record\xc3'
2020-04-28 18:12:12,994:root:b'9' 1588122732952
2020-04-28 18:12:14,546:mm_modules.pyudp:Received buffer: b'10'.
2020-04-28 18:12:14,547:mm_modules.pupilsocket:Payload sent: b'\x86\xa7subject\xaaannotation\xa5label\xa7Event10\xa9timestamp\xcbA\xd7\xaa5\x1b\xa3\x06\x0c\xa8duration\xcb\x00\x00\x00\x00\x00\x00\x00\x00\xa6source\xb2homelabs framework\xa6record\xc3'
2020-04-28 18:12:14,557:root:b'10' 1588122734547
2020-04-28 18:12:17,614:mm_modules.pyudp:Received buffer: b'10'.
2020-04-28 18:12:17,617:mm_modules.pupilsocket:Payload sent: b'\x86\xa7subject\xaaannotation\xa5label\xa7Event10\xa9timestamp\xcbA\xd7\xaa5\x1cgmU\xa8duration\xcb\x00\x00\x00\x00\x00\x00\x00\x00\xa6source\xb2homelabs framework\xa6record\xc3'
2020-04-28 18:12:17,656:root:b'10' 1588122737614
2020-04-28 18:12:19,276:mm_modules.pyudp:Received buffer: b'11'.
2020-04-28 18:12:19,277:mm_modules.pupilsocket:Payload sent: b'\x86\xa7subject\xaaannotation\xa5label\xa7Event11\xa9timestamp\xcbA\xd7\xaa5\x1c\xd1\xbas\xa8duration\xcb\x00\x00\x00\x00\x00\x00\x00\x00\xa6source\xb2homelabs framework\xa6record\xc3'
2020-04-28 18:12:19,290:root:b'11' 1588122739277
2020-04-28 18:12:22,287:mm_modules.pyudp:Received buffer: b'11'.
2020-04-28 18:12:22,287:mm_modules.pupilsocket:Payload sent: b'\x86\xa7subject\xaaannotation\xa5label\xa7Event11\xa9timestamp\xcbA\xd7\xaa5\x1d\x92e\xbb\xa8duration\xcb\x00\x00\x00\x00\x00\x00\x00\x00\xa6source\xb2homelabs framework\xa6record\xc3'
2020-04-28 18:12:22,321:root:b'11' 1588122742287
2020-04-28 18:12:23,817:mm_modules.pyudp:Received buffer: b'12'.
2020-04-28 18:12:23,818:mm_modules.pupilsocket:Payload sent: b'\x86\xa7subject\xaaannotation\xa5label\xa7Event12\xa9timestamp\xcbA\xd7\xaa5\x1d\xf4_\x0b\xa8duration\xcb\x00\x00\x00\x00\x00\x00\x00\x00\xa6source\xb2homelabs framework\xa6record\xc3'
2020-04-28 18:12:23,825:root:b'12' 1588122743818
2020-04-28 18:12:27,123:mm_modules.pyudp:Received buffer: b'12'.
2020-04-28 18:12:27,124:mm_modules.pupilsocket:Payload sent: b'\x86\xa7subject\xaaannotation\xa5label\xa7Event12\xa9timestamp\xcbA\xd7\xaa5\x1e\xc7\xf1\xae\xa8duration\xcb\x00\x00\x00\x00\x00\x00\x00\x00\xa6source\xb2homelabs framework\xa6record\xc3'
2020-04-28 18:12:27,126:root:b'12' 1588122747124
2020-04-28 18:12:28,414:mm_modules.pyudp:Received buffer: b'13'.
2020-04-28 18:12:28,416:mm_modules.pupilsocket:Payload sent: b'\x86\xa7subject\xaaannotation\xa5label\xa7Event13\xa9timestamp\xcbA\xd7\xaa5\x1f\x1a\x9fZ\xa8duration\xcb\x00\x00\x00\x00\x00\x00\x00\x00\xa6source\xb2homelabs framework\xa6record\xc3'
2020-04-28 18:12:28,423:root:b'13' 1588122748414
2020-04-28 18:12:31,406:mm_modules.pyudp:Received buffer: b'13'.
2020-04-28 18:12:31,412:mm_modules.pupilsocket:Payload sent: b'\x86\xa7subject\xaaannotation\xa5label\xa7Event13\xa9timestamp\xcbA\xd7\xaa5\x1f\xdaX\xf3\xa8duration\xcb\x00\x00\x00\x00\x00\x00\x00\x00\xa6source\xb2homelabs framework\xa6record\xc3'
2020-04-28 18:12:31,419:root:b'13' 1588122751407
2020-04-28 18:12:32,844:mm_modules.pyudp:Received buffer: b'14'.
2020-04-28 18:12:32,845:mm_modules.pupilsocket:Payload sent: b'\x86\xa7subject\xaaannotation\xa5label\xa7Event14\xa9timestamp\xcbA\xd7\xaa5 6\x1a\xb9\xa8duration\xcb\x00\x00\x00\x00\x00\x00\x00\x00\xa6source\xb2homelabs framework\xa6record\xc3'
2020-04-28 18:12:32,847:root:b'14' 1588122752845
2020-04-28 18:12:35,908:mm_modules.pyudp:Received buffer: b'14'.
2020-04-28 18:12:35,909:mm_modules.pupilsocket:Payload sent: b'\x86\xa7subject\xaaannotation\xa5label\xa7Event14\xa9timestamp\xcbA\xd7\xaa5 \xfa*\x89\xa8duration\xcb\x00\x00\x00\x00\x00\x00\x00\x00\xa6source\xb2homelabs framework\xa6record\xc3'
2020-04-28 18:12:35,914:root:b'14' 1588122755909
2020-04-28 18:12:36,937:mm_modules.pyudp:Received buffer: b'15'.
2020-04-28 18:12:36,940:mm_modules.pupilsocket:Payload sent: b'\x86\xa7subject\xaaannotation\xa5label\xa7Event15\xa9timestamp\xcbA\xd7\xaa5!<-D\xa8duration\xcb\x00\x00\x00\x00\x00\x00\x00\x00\xa6source\xb2homelabs framework\xa6record\xc3'
2020-04-28 18:12:36,942:root:b'15' 1588122756938
2020-04-28 18:12:39,946:mm_modules.pyudp:Received buffer: b'15'.
2020-04-28 18:12:39,948:mm_modules.pupilsocket:Payload sent: b'\x86\xa7subject\xaaannotation\xa5label\xa7Event15\xa9timestamp\xcbA\xd7\xaa5!\xfc\xaf\x1c\xa8duration\xcb\x00\x00\x00\x00\x00\x00\x00\x00\xa6source\xb2homelabs framework\xa6record\xc3'
2020-04-28 18:12:39,949:root:b'15' 1588122759946
2020-04-28 18:12:41,065:mm_modules.pyudp:Received buffer: b'16'.
2020-04-28 18:12:41,068:mm_modules.pupilsocket:Payload sent: b'\x86\xa7subject\xaaannotation\xa5label\xa7Event16\xa9timestamp\xcbA\xd7\xaa5"D=\xf7\xa8duration\xcb\x00\x00\x00\x00\x00\x00\x00\x00\xa6source\xb2homelabs framework\xa6record\xc3'
2020-04-28 18:12:41,075:root:b'16' 1588122761066
2020-04-28 18:12:44,113:mm_modules.pyudp:Received buffer: b'16'.
2020-04-28 18:12:44,116:mm_modules.pupilsocket:Payload sent: b'\x86\xa7subject\xaaannotation\xa5label\xa7Event16\xa9timestamp\xcbA\xd7\xaa5#\x07o\xda\xa8duration\xcb\x00\x00\x00\x00\x00\x00\x00\x00\xa6source\xb2homelabs framework\xa6record\xc3'
2020-04-28 18:12:44,123:root:b'16' 1588122764113
2020-04-28 18:12:45,381:mm_modules.pyudp:Received buffer: b'17'.
2020-04-28 18:12:45,382:mm_modules.pupilsocket:Payload sent: b'\x86\xa7subject\xaaannotation\xa5label\xa7Event17\xa9timestamp\xcbA\xd7\xaa5#Xu\xc0\xa8duration\xcb\x00\x00\x00\x00\x00\x00\x00\x00\xa6source\xb2homelabs framework\xa6record\xc3'
2020-04-28 18:12:45,384:root:b'17' 1588122765382
2020-04-28 18:12:48,345:mm_modules.pyudp:Received buffer: b'17'.
2020-04-28 18:12:48,346:mm_modules.pupilsocket:Payload sent: b'\x86\xa7subject\xaaannotation\xa5label\xa7Event17\xa9timestamp\xcbA\xd7\xaa5$\x16%\xe9\xa8duration\xcb\x00\x00\x00\x00\x00\x00\x00\x00\xa6source\xb2homelabs framework\xa6record\xc3'
2020-04-28 18:12:48,353:root:b'17' 1588122768346
2020-04-28 18:12:50,056:mm_modules.pyudp:Received buffer: b'18'.
2020-04-28 18:12:50,058:mm_modules.pupilsocket:Payload sent: b'\x86\xa7subject\xaaannotation\xa5label\xa7Event18\xa9timestamp\xcbA\xd7\xaa5$\x83\xc2\xa9\xa8duration\xcb\x00\x00\x00\x00\x00\x00\x00\x00\xa6source\xb2homelabs framework\xa6record\xc3'
2020-04-28 18:12:50,070:root:b'18' 1588122770057
2020-04-28 18:12:53,109:mm_modules.pyudp:Received buffer: b'18'.
2020-04-28 18:12:53,109:mm_modules.pupilsocket:Payload sent: b'\x86\xa7subject\xaaannotation\xa5label\xa7Event18\xa9timestamp\xcbA\xd7\xaa5%G\x02\x04\xa8duration\xcb\x00\x00\x00\x00\x00\x00\x00\x00\xa6source\xb2homelabs framework\xa6record\xc3'
2020-04-28 18:12:53,114:root:b'18' 1588122773109
2020-04-28 18:12:54,433:mm_modules.pyudp:Received buffer: b'19'.
2020-04-28 18:12:54,434:mm_modules.pupilsocket:Payload sent: b'\x86\xa7subject\xaaannotation\xa5label\xa7Event19\xa9timestamp\xcbA\xd7\xaa5%\x9b\xc7L\xa8duration\xcb\x00\x00\x00\x00\x00\x00\x00\x00\xa6source\xb2homelabs framework\xa6record\xc3'
2020-04-28 18:12:54,470:root:b'19' 1588122774433
2020-04-28 18:12:57,414:mm_modules.pyudp:Received buffer: b'19'.
2020-04-28 18:12:57,416:mm_modules.pupilsocket:Payload sent: b'\x86\xa7subject\xaaannotation\xa5label\xa7Event19\xa9timestamp\xcbA\xd7\xaa5&Z\x99\xd4\xa8duration\xcb\x00\x00\x00\x00\x00\x00\x00\x00\xa6source\xb2homelabs framework\xa6record\xc3'
2020-04-28 18:12:57,421:root:b'19' 1588122777415
2020-04-28 18:12:58,445:mm_modules.pyudp:Received buffer: b'20'.
2020-04-28 18:12:58,446:mm_modules.pupilsocket:Payload sent: b'\x86\xa7subject\xaaannotation\xa5label\xa7Event20\xa9timestamp\xcbA\xd7\xaa5&\x9c\x8b\x00\xa8duration\xcb\x00\x00\x00\x00\x00\x00\x00\x00\xa6source\xb2homelabs framework\xa6record\xc3'
2020-04-28 18:12:58,453:root:b'20' 1588122778446
2020-04-28 18:13:01,438:mm_modules.pyudp:Received buffer: b'20'.
2020-04-28 18:13:01,440:mm_modules.pupilsocket:Payload sent: b"\x86\xa7subject\xaaannotation\xa5label\xa7Event20\xa9timestamp\xcbA\xd7\xaa5'\\0\xa5\xa8duration\xcb\x00\x00\x00\x00\x00\x00\x00\x00\xa6source\xb2homelabs framework\xa6record\xc3"
2020-04-28 18:13:01,442:root:b'20' 1588122781438
2020-04-28 18:13:02,653:mm_modules.pyudp:Received buffer: b'21'.
2020-04-28 18:13:02,653:mm_modules.pupilsocket:Payload sent: b"\x86\xa7subject\xaaannotation\xa5label\xa7Event21\xa9timestamp\xcbA\xd7\xaa5'\xa9\xd2\xaf\xa8duration\xcb\x00\x00\x00\x00\x00\x00\x00\x00\xa6source\xb2homelabs framework\xa6record\xc3"
2020-04-28 18:13:02,654:root:b'21' 1588122782653
2020-04-28 18:13:05,606:mm_modules.pyudp:Received buffer: b'21'.
2020-04-28 18:13:05,609:mm_modules.pupilsocket:Payload sent: b'\x86\xa7subject\xaaannotation\xa5label\xa7Event21\xa9timestamp\xcbA\xd7\xaa5(g\x03F\xa8duration\xcb\x00\x00\x00\x00\x00\x00\x00\x00\xa6source\xb2homelabs framework\xa6record\xc3'
2020-04-28 18:13:05,614:root:b'21' 1588122785607
2020-04-28 18:13:07,398:mm_modules.pyudp:Received buffer: b'22'.
2020-04-28 18:13:07,399:mm_modules.pupilsocket:Payload sent: b'\x86\xa7subject\xaaannotation\xa5label\xa7Event22\xa9timestamp\xcbA\xd7\xaa5(\xd9\x8d3\xa8duration\xcb\x00\x00\x00\x00\x00\x00\x00\x00\xa6source\xb2homelabs framework\xa6record\xc3'
2020-04-28 18:13:07,403:root:b'22' 1588122787399
2020-04-28 18:13:10,463:mm_modules.pyudp:Received buffer: b'22'.
2020-04-28 18:13:10,464:mm_modules.pupilsocket:Payload sent: b'\x86\xa7subject\xaaannotation\xa5label\xa7Event22\xa9timestamp\xcbA\xd7\xaa5)\x9d\xb2\x9b\xa8duration\xcb\x00\x00\x00\x00\x00\x00\x00\x00\xa6source\xb2homelabs framework\xa6record\xc3'
2020-04-28 18:13:10,473:root:b'22' 1588122790464
2020-04-28 18:13:12,079:mm_modules.pyudp:Received buffer: b'23'.
2020-04-28 18:13:12,081:mm_modules.pupilsocket:Payload sent: b'\x86\xa7subject\xaaannotation\xa5label\xa7Event23\xa9timestamp\xcbA\xd7\xaa5*\x058\xe7\xa8duration\xcb\x00\x00\x00\x00\x00\x00\x00\x00\xa6source\xb2homelabs framework\xa6record\xc3'
2020-04-28 18:13:12,175:root:b'23' 1588122792079
2020-04-28 18:13:15,132:mm_modules.pyudp:Received buffer: b'23'.
2020-04-28 18:13:15,133:mm_modules.pupilsocket:Payload sent: b'\x86\xa7subject\xaaannotation\xa5label\xa7Event23\xa9timestamp\xcbA\xd7\xaa5*\xc8\x87v\xa8duration\xcb\x00\x00\x00\x00\x00\x00\x00\x00\xa6source\xb2homelabs framework\xa6record\xc3'
2020-04-28 18:13:15,143:root:b'23' 1588122795133
2020-04-28 18:13:16,885:mm_modules.pyudp:Received buffer: b'24'.
2020-04-28 18:13:16,887:mm_modules.pupilsocket:Payload sent: b'\x86\xa7subject\xaaannotation\xa5label\xa7Event24\xa9timestamp\xcbA\xd7\xaa5+8\xbfQ\xa8duration\xcb\x00\x00\x00\x00\x00\x00\x00\x00\xa6source\xb2homelabs framework\xa6record\xc3'
2020-04-28 18:13:16,897:root:b'24' 1588122796885
2020-04-28 18:13:19,902:mm_modules.pyudp:Received buffer: b'24'.
2020-04-28 18:13:19,905:mm_modules.pupilsocket:Payload sent: b'\x86\xa7subject\xaaannotation\xa5label\xa7Event24\xa9timestamp\xcbA\xd7\xaa5+\xf9\xefV\xa8duration\xcb\x00\x00\x00\x00\x00\x00\x00\x00\xa6source\xb2homelabs framework\xa6record\xc3'
2020-04-28 18:13:19,919:root:b'24' 1588122799902
2020-04-28 18:13:21,031:mm_modules.pyudp:Received buffer: b'25'.
2020-04-28 18:13:21,034:mm_modules.pupilsocket:Payload sent: b'\x86\xa7subject\xaaannotation\xa5label\xa7Event25\xa9timestamp\xcbA\xd7\xaa5,B\x19\xb9\xa8duration\xcb\x00\x00\x00\x00\x00\x00\x00\x00\xa6source\xb2homelabs framework\xa6record\xc3'
2020-04-28 18:13:21,039:root:b'25' 1588122801031
2020-04-28 18:13:24,118:mm_modules.pyudp:Received buffer: b'25'.
2020-04-28 18:13:24,119:mm_modules.pupilsocket:Payload sent: b'\x86\xa7subject\xaaannotation\xa5label\xa7Event25\xa9timestamp\xcbA\xd7\xaa5-\x07\x9f\xe8\xa8duration\xcb\x00\x00\x00\x00\x00\x00\x00\x00\xa6source\xb2homelabs framework\xa6record\xc3'
2020-04-28 18:13:24,128:root:b'25' 1588122804119
2020-04-28 18:13:25,329:mm_modules.pyudp:Received buffer: b'26'.
2020-04-28 18:13:25,331:mm_modules.pupilsocket:Payload sent: b'\x86\xa7subject\xaaannotation\xa5label\xa7Event26\xa9timestamp\xcbA\xd7\xaa5-U/j\xa8duration\xcb\x00\x00\x00\x00\x00\x00\x00\x00\xa6source\xb2homelabs framework\xa6record\xc3'
2020-04-28 18:13:25,332:root:b'26' 1588122805330
2020-04-28 18:13:28,352:mm_modules.pyudp:Received buffer: b'26'.
2020-04-28 18:13:28,353:mm_modules.pupilsocket:Payload sent: b'\x86\xa7subject\xaaannotation\xa5label\xa7Event26\xa9timestamp\xcbA\xd7\xaa5.\x16\x98\x81\xa8duration\xcb\x00\x00\x00\x00\x00\x00\x00\x00\xa6source\xb2homelabs framework\xa6record\xc3'
2020-04-28 18:13:28,356:root:b'26' 1588122808353
2020-04-28 18:13:29,682:mm_modules.pyudp:Received buffer: b'27'.
2020-04-28 18:13:29,683:mm_modules.pupilsocket:Payload sent: b'\x86\xa7subject\xaaannotation\xa5label\xa7Event27\xa9timestamp\xcbA\xd7\xaa5.k\xb9\xdc\xa8duration\xcb\x00\x00\x00\x00\x00\x00\x00\x00\xa6source\xb2homelabs framework\xa6record\xc3'
2020-04-28 18:13:29,691:root:b'27' 1588122809682
2020-04-28 18:13:32,728:mm_modules.pyudp:Received buffer: b'27'.
2020-04-28 18:13:32,731:mm_modules.pupilsocket:Payload sent: b'\x86\xa7subject\xaaannotation\xa5label\xa7Event27\xa9timestamp\xcbA\xd7\xaa5/.\xbb\xd3\xa8duration\xcb\x00\x00\x00\x00\x00\x00\x00\x00\xa6source\xb2homelabs framework\xa6record\xc3'
2020-04-28 18:13:32,741:root:b'27' 1588122812728
2020-04-28 18:13:35,884:mm_modules.pyudp:Received buffer: b'28'.
2020-04-28 18:13:35,884:mm_modules.pupilsocket:Payload sent: b'\x86\xa7subject\xaaannotation\xa5label\xa7Event28\xa9timestamp\xcbA\xd7\xaa5/\xf8\x9bk\xa8duration\xcb\x00\x00\x00\x00\x00\x00\x00\x00\xa6source\xb2homelabs framework\xa6record\xc3'
2020-04-28 18:13:35,975:root:b'28' 1588122815884
2020-04-28 18:13:38,862:mm_modules.pyudp:Received buffer: b'28'.
2020-04-28 18:13:38,864:mm_modules.pupilsocket:Payload sent: b'\x86\xa7subject\xaaannotation\xa5label\xa7Event28\xa9timestamp\xcbA\xd7\xaa50\xb7L\xe9\xa8duration\xcb\x00\x00\x00\x00\x00\x00\x00\x00\xa6source\xb2homelabs framework\xa6record\xc3'
2020-04-28 18:13:38,869:root:b'28' 1588122818862
2020-04-28 18:13:40,145:mm_modules.pyudp:Received buffer: b'29'.
2020-04-28 18:13:40,149:mm_modules.pupilsocket:Payload sent: b'\x86\xa7subject\xaaannotation\xa5label\xa7Event29\xa9timestamp\xcbA\xd7\xaa51\tSH\xa8duration\xcb\x00\x00\x00\x00\x00\x00\x00\x00\xa6source\xb2homelabs framework\xa6record\xc3'
2020-04-28 18:13:40,153:root:b'29' 1588122820145
2020-04-28 18:13:43,159:mm_modules.pyudp:Received buffer: b'29'.
2020-04-28 18:13:43,160:mm_modules.pupilsocket:Payload sent: b'\x86\xa7subject\xaaannotation\xa5label\xa7Event29\xa9timestamp\xcbA\xd7\xaa51\xca?J\xa8duration\xcb\x00\x00\x00\x00\x00\x00\x00\x00\xa6source\xb2homelabs framework\xa6record\xc3'
2020-04-28 18:13:43,162:root:b'29' 1588122823159
2020-04-28 18:13:45,033:mm_modules.pyudp:Received buffer: b'30'.
2020-04-28 18:13:45,034:mm_modules.pupilsocket:Payload sent: b'\x86\xa7subject\xaaannotation\xa5label\xa7Event30\xa9timestamp\xcbA\xd7\xaa52B9\xd1\xa8duration\xcb\x00\x00\x00\x00\x00\x00\x00\x00\xa6source\xb2homelabs framework\xa6record\xc3'
2020-04-28 18:13:45,043:root:b'30' 1588122825034
2020-04-28 18:13:48,097:mm_modules.pyudp:Received buffer: b'30'.
2020-04-28 18:13:48,099:mm_modules.pupilsocket:Payload sent: b'\x86\xa7subject\xaaannotation\xa5label\xa7Event30\xa9timestamp\xcbA\xd7\xaa53\x06U&\xa8duration\xcb\x00\x00\x00\x00\x00\x00\x00\x00\xa6source\xb2homelabs framework\xa6record\xc3'
2020-04-28 18:13:48,146:root:b'30' 1588122828098
2020-04-28 18:13:49,534:mm_modules.pyudp:Received buffer: b'31'.
2020-04-28 18:13:49,535:mm_modules.pupilsocket:Payload sent: b'\x86\xa7subject\xaaannotation\xa5label\xa7Event31\xa9timestamp\xcbA\xd7\xaa53bI\xc2\xa8duration\xcb\x00\x00\x00\x00\x00\x00\x00\x00\xa6source\xb2homelabs framework\xa6record\xc3'
2020-04-28 18:13:49,537:root:b'31' 1588122829534
2020-04-28 18:13:52,598:mm_modules.pyudp:Received buffer: b'31'.
2020-04-28 18:13:52,599:mm_modules.pupilsocket:Payload sent: b'\x86\xa7subject\xaaannotation\xa5label\xa7Event31\xa9timestamp\xcbA\xd7\xaa54&Q\r\xa8duration\xcb\x00\x00\x00\x00\x00\x00\x00\x00\xa6source\xb2homelabs framework\xa6record\xc3'
2020-04-28 18:13:52,601:root:b'31' 1588122832598
2020-04-28 18:13:54,194:mm_modules.pyudp:Received buffer: b'32'.
2020-04-28 18:13:54,195:mm_modules.pupilsocket:Payload sent: b'\x86\xa7subject\xaaannotation\xa5label\xa7Event32\xa9timestamp\xcbA\xd7\xaa54\x8c~(\xa8duration\xcb\x00\x00\x00\x00\x00\x00\x00\x00\xa6source\xb2homelabs framework\xa6record\xc3'
2020-04-28 18:13:54,208:root:b'32' 1588122834195
2020-04-28 18:13:57,222:mm_modules.pyudp:Received buffer: b'32'.
2020-04-28 18:13:57,223:mm_modules.pupilsocket:Payload sent: b'\x86\xa7subject\xaaannotation\xa5label\xa7Event32\xa9timestamp\xcbA\xd7\xaa55ND\x03\xa8duration\xcb\x00\x00\x00\x00\x00\x00\x00\x00\xa6source\xb2homelabs framework\xa6record\xc3'
2020-04-28 18:13:57,236:root:b'32' 1588122837223
2020-04-28 18:13:58,565:mm_modules.pyudp:Received buffer: b'33'.
2020-04-28 18:13:58,565:mm_modules.pupilsocket:Payload sent: b'\x86\xa7subject\xaaannotation\xa5label\xa7Event33\xa9timestamp\xcbA\xd7\xaa55\xa44\xa8\xa8duration\xcb\x00\x00\x00\x00\x00\x00\x00\x00\xa6source\xb2homelabs framework\xa6record\xc3'
2020-04-28 18:13:58,574:root:b'33' 1588122838565
2020-04-28 18:14:01,571:mm_modules.pyudp:Received buffer: b'33'.
2020-04-28 18:14:01,572:mm_modules.pupilsocket:Payload sent: b'\x86\xa7subject\xaaannotation\xa5label\xa7Event33\xa9timestamp\xcbA\xd7\xaa56d\x9c\xf6\xa8duration\xcb\x00\x00\x00\x00\x00\x00\x00\x00\xa6source\xb2homelabs framework\xa6record\xc3'
2020-04-28 18:14:01,575:root:b'33' 1588122841571
2020-04-28 18:14:02,980:mm_modules.pyudp:Received buffer: b'34'.
2020-04-28 18:14:02,982:mm_modules.pupilsocket:Payload sent: b'\x86\xa7subject\xaaannotation\xa5label\xa7Event34\xa9timestamp\xcbA\xd7\xaa56\xbe\xca\x10\xa8duration\xcb\x00\x00\x00\x00\x00\x00\x00\x00\xa6source\xb2homelabs framework\xa6record\xc3'
2020-04-28 18:14:02,985:root:b'34' 1588122842981
2020-04-28 18:14:05,991:mm_modules.pyudp:Received buffer: b'34'.
2020-04-28 18:14:05,992:mm_modules.pupilsocket:Payload sent: b'\x86\xa7subject\xaaannotation\xa5label\xa7Event34\xa9timestamp\xcbA\xd7\xaa57\x7f\x82\xc3\xa8duration\xcb\x00\x00\x00\x00\x00\x00\x00\x00\xa6source\xb2homelabs framework\xa6record\xc3'
2020-04-28 18:14:05,995:root:b'34' 1588122845991
2020-04-28 18:14:07,448:mm_modules.pyudp:Received buffer: b'35'.
2020-04-28 18:14:07,448:mm_modules.pupilsocket:Payload sent: b'\x86\xa7subject\xaaannotation\xa5label\xa7Event35\xa9timestamp\xcbA\xd7\xaa57\xdc\xb8\xba\xa8duration\xcb\x00\x00\x00\x00\x00\x00\x00\x00\xa6source\xb2homelabs framework\xa6record\xc3'
2020-04-28 18:14:07,453:root:b'35' 1588122847448
2020-04-28 18:14:10,484:mm_modules.pyudp:Received buffer: b'35'.
2020-04-28 18:14:10,484:mm_modules.pupilsocket:Payload sent: b'\x86\xa7subject\xaaannotation\xa5label\xa7Event35\xa9timestamp\xcbA\xd7\xaa58\x9f\x00G\xa8duration\xcb\x00\x00\x00\x00\x00\x00\x00\x00\xa6source\xb2homelabs framework\xa6record\xc3'
2020-04-28 18:14:10,491:root:b'35' 1588122850484
2020-04-28 18:14:11,785:mm_modules.pyudp:Received buffer: b'36'.
2020-04-28 18:14:11,787:mm_modules.pupilsocket:Payload sent: b'\x86\xa7subject\xaaannotation\xa5label\xa7Event36\xa9timestamp\xcbA\xd7\xaa58\xf2i\xf1\xa8duration\xcb\x00\x00\x00\x00\x00\x00\x00\x00\xa6source\xb2homelabs framework\xa6record\xc3'
2020-04-28 18:14:11,796:root:b'36' 1588122851785
2020-04-28 18:14:14,749:mm_modules.pyudp:Received buffer: b'36'.
2020-04-28 18:14:14,751:mm_modules.pupilsocket:Payload sent: b'\x86\xa7subject\xaaannotation\xa5label\xa7Event36\xa9timestamp\xcbA\xd7\xaa59\xb0\x11b\xa8duration\xcb\x00\x00\x00\x00\x00\x00\x00\x00\xa6source\xb2homelabs framework\xa6record\xc3'
2020-04-28 18:14:14,753:root:b'36' 1588122854749
